Determining if the pthread_create exist failed with the following output:
Change Dir: /home/melissa/3308/project9/p9-asteroids-II/build/CMakeFiles/CMakeTmp

Run Build Command:"/usr/bin/make" "cmTC_ecef6/fast"
/usr/bin/make -f CMakeFiles/cmTC_ecef6.dir/build.make CMakeFiles/cmTC_ecef6.dir/build
make[1]: Entering directory '/home/melissa/3308/project9/p9-asteroids-II/build/CMakeFiles/CMakeTmp'
Building C object CMakeFiles/cmTC_ecef6.dir/CheckSymbolExists.c.o
/usr/bin/cc     -o CMakeFiles/cmTC_ecef6.dir/CheckSymbolExists.c.o   -c /home/melissa/3308/project9/p9-asteroids-II/build/CMakeFiles/CMakeTmp/CheckSymbolExists.c
Linking C executable cmTC_ecef6
/usr/bin/cmake -E cmake_link_script CMakeFiles/cmTC_ecef6.dir/link.txt --verbose=1
/usr/bin/cc       CMakeFiles/cmTC_ecef6.dir/CheckSymbolExists.c.o  -o cmTC_ecef6 -rdynamic 
CMakeFiles/cmTC_ecef6.dir/CheckSymbolExists.c.o: In function `main':
CheckSymbolExists.c:(.text+0x16): undefined reference to `pthread_create'
collect2: error: ld returned 1 exit status
CMakeFiles/cmTC_ecef6.dir/build.make:97: recipe for target 'cmTC_ecef6' failed
make[1]: *** [cmTC_ecef6] Error 1
make[1]: Leaving directory '/home/melissa/3308/project9/p9-asteroids-II/build/CMakeFiles/CMakeTmp'
Makefile:126: recipe for target 'cmTC_ecef6/fast' failed
make: *** [cmTC_ecef6/fast] Error 2

File /home/melissa/3308/project9/p9-asteroids-II/build/CMakeFiles/CMakeTmp/CheckSymbolExists.c:
/* */
#include <pthread.h>

int main(int argc, char** argv)
{
  (void)argv;
#ifndef pthread_create
  return ((int*)(&pthread_create))[argc];
#else
  (void)argc;
  return 0;
#endif
}

Determining if the function pthread_create exists in the pthreads failed with the following output:
Change Dir: /home/melissa/3308/project9/p9-asteroids-II/build/CMakeFiles/CMakeTmp

Run Build Command:"/usr/bin/make" "cmTC_f134a/fast"
/usr/bin/make -f CMakeFiles/cmTC_f134a.dir/build.make CMakeFiles/cmTC_f134a.dir/build
make[1]: Entering directory '/home/melissa/3308/project9/p9-asteroids-II/build/CMakeFiles/CMakeTmp'
Building C object CMakeFiles/cmTC_f134a.dir/CheckFunctionExists.c.o
/usr/bin/cc    -DCHECK_FUNCTION_EXISTS=pthread_create   -o CMakeFiles/cmTC_f134a.dir/CheckFunctionExists.c.o   -c /usr/share/cmake-3.5/Modules/CheckFunctionExists.c
Linking C executable cmTC_f134a
/usr/bin/cmake -E cmake_link_script CMakeFiles/cmTC_f134a.dir/link.txt --verbose=1
/usr/bin/cc   -DCHECK_FUNCTION_EXISTS=pthread_create    CMakeFiles/cmTC_f134a.dir/CheckFunctionExists.c.o  -o cmTC_f134a -rdynamic -lpthreads 
/usr/bin/ld: cannot find -lpthreads
collect2: error: ld returned 1 exit status
CMakeFiles/cmTC_f134a.dir/build.make:97: recipe for target 'cmTC_f134a' failed
make[1]: *** [cmTC_f134a] Error 1
make[1]: Leaving directory '/home/melissa/3308/project9/p9-asteroids-II/build/CMakeFiles/CMakeTmp'
Makefile:126: recipe for target 'cmTC_f134a/fast' failed
make: *** [cmTC_f134a/fast] Error 2


